android/app/build/intermediates/manifest_merge_blame_file/release/processReleaseMainManifest/manifest-merger-blame-release-report.txt
1<?xml version="1.0" encoding="utf-8"?>
2<manifest xmlns:android="http://schemas.android.com/apk/res/android"
3    package="com.example.inker_studio"
4    android:versionCode="1"
5    android:versionName="1.0.0" >
6
7    <uses-sdk
8        android:minSdkVersion="23"
9        android:targetSdkVersion="34" />
10    <!-- INTERNET -->
11    <uses-permission android:name="android.permission.INTERNET" />
11-->src/main/AndroidManifest.xml:4:5-67
11-->src/main/AndroidManifest.xml:4:22-64
12
13    <!-- GPS -->
14    <uses-permission android:name="android.permission.ACCESS_FINE_LOCATION" />
14-->src/main/AndroidManifest.xml:7:5-79
14-->src/main/AndroidManifest.xml:7:22-76
15    <uses-permission android:name="android.permission.ACCESS_COARSE_LOCATION" />
15-->src/main/AndroidManifest.xml:8:5-81
15-->src/main/AndroidManifest.xml:8:22-78
16
17    <!-- POST NOTIFICATIONS -->
18    <uses-permission android:name="android.permission.POST_NOTIFICATIONS" />
18-->src/main/AndroidManifest.xml:11:5-76
18-->src/main/AndroidManifest.xml:11:22-74
19    <uses-permission android:name="android.permission.ACCESS_NETWORK_STATE" />
19-->[:firebase_analytics] AndroidManifest.xml:7:5-79
19-->[:firebase_analytics] AndroidManifest.xml:7:22-76
20    <uses-permission android:name="android.permission.WAKE_LOCK" /> <!-- Required by older versions of Google Play services to create IID tokens -->
20-->[:firebase_analytics] AndroidManifest.xml:9:5-68
20-->[:firebase_analytics] AndroidManifest.xml:9:22-65
21    <uses-permission android:name="com.google.android.c2dm.permission.RECEIVE" />
21-->[com.google.firebase:firebase-messaging:24.0.3] AndroidManifest.xml:26:5-82
21-->[com.google.firebase:firebase-messaging:24.0.3] AndroidManifest.xml:26:22-79
22    <uses-permission android:name="com.google.android.gms.permission.AD_ID" />
22-->[com.google.android.gms:play-services-measurement-api:22.1.2] AndroidManifest.xml:25:5-79
22-->[com.google.android.gms:play-services-measurement-api:22.1.2] AndroidManifest.xml:25:22-76
23    <uses-permission android:name="android.permission.ACCESS_ADSERVICES_ATTRIBUTION" />
23-->[com.google.android.gms:play-services-measurement-api:22.1.2] AndroidManifest.xml:26:5-88
23-->[com.google.android.gms:play-services-measurement-api:22.1.2] AndroidManifest.xml:26:22-85
24    <uses-permission android:name="android.permission.ACCESS_ADSERVICES_AD_ID" />
24-->[com.google.android.gms:play-services-measurement-api:22.1.2] AndroidManifest.xml:27:5-82
24-->[com.google.android.gms:play-services-measurement-api:22.1.2] AndroidManifest.xml:27:22-79
25
26    <queries>
26-->[:map_launcher] AndroidManifest.xml:7:5-34:15
27        <package android:name="com.google.android.apps.maps" />
27-->[:map_launcher] AndroidManifest.xml:8:9-64
27-->[:map_launcher] AndroidManifest.xml:8:18-61
28        <package android:name="com.google.android.apps.mapslite" />
28-->[:map_launcher] AndroidManifest.xml:9:9-68
28-->[:map_launcher] AndroidManifest.xml:9:18-65
29        <package android:name="com.autonavi.minimap" />
29-->[:map_launcher] AndroidManifest.xml:10:9-56
29-->[:map_launcher] AndroidManifest.xml:10:18-53
30        <package android:name="com.baidu.BaiduMap" />
30-->[:map_launcher] AndroidManifest.xml:11:9-54
30-->[:map_launcher] AndroidManifest.xml:11:18-51
31        <package android:name="com.waze" />
31-->[:map_launcher] AndroidManifest.xml:12:9-44
31-->[:map_launcher] AndroidManifest.xml:12:18-41
32        <package android:name="ru.yandex.yandexnavi" />
32-->[:map_launcher] AndroidManifest.xml:13:9-56
32-->[:map_launcher] AndroidManifest.xml:13:18-53
33        <package android:name="ru.yandex.yandexmaps" />
33-->[:map_launcher] AndroidManifest.xml:14:9-56
33-->[:map_launcher] AndroidManifest.xml:14:18-53
34        <package android:name="com.citymapper.app.release" />
34-->[:map_launcher] AndroidManifest.xml:15:9-62
34-->[:map_launcher] AndroidManifest.xml:15:18-59
35        <package android:name="com.mapswithme.maps.pro" />
35-->[:map_launcher] AndroidManifest.xml:16:9-59
35-->[:map_launcher] AndroidManifest.xml:16:18-56
36        <package android:name="net.osmand" />
36-->[:map_launcher] AndroidManifest.xml:17:9-46
36-->[:map_launcher] AndroidManifest.xml:17:18-43
37        <package android:name="net.osmand.plus" />
37-->[:map_launcher] AndroidManifest.xml:18:9-51
37-->[:map_launcher] AndroidManifest.xml:18:18-48
38        <package android:name="ru.dublgis.dgismobile" />
38-->[:map_launcher] AndroidManifest.xml:19:9-57
38-->[:map_launcher] AndroidManifest.xml:19:18-54
39        <package android:name="com.tencent.map" />
39-->[:map_launcher] AndroidManifest.xml:20:9-51
39-->[:map_launcher] AndroidManifest.xml:20:18-48
40        <package android:name="com.here.app.maps" />
40-->[:map_launcher] AndroidManifest.xml:21:9-53
40-->[:map_launcher] AndroidManifest.xml:21:18-50
41        <package android:name="com.huawei.maps.app" />
41-->[:map_launcher] AndroidManifest.xml:22:9-55
41-->[:map_launcher] AndroidManifest.xml:22:18-52
42        <package android:name="com.alk.copilot.mapviewer" />
42-->[:map_launcher] AndroidManifest.xml:23:9-61
42-->[:map_launcher] AndroidManifest.xml:23:18-58
43        <package android:name="com.tomtom.gplay.navapp" />
43-->[:map_launcher] AndroidManifest.xml:24:9-59
43-->[:map_launcher] AndroidManifest.xml:24:18-56
44        <package android:name="com.tomtom.gplay.navapp.gofleet" />
44-->[:map_launcher] AndroidManifest.xml:25:9-67
44-->[:map_launcher] AndroidManifest.xml:25:18-64
45        <package android:name="com.sygic.truck" />
45-->[:map_launcher] AndroidManifest.xml:26:9-51
45-->[:map_launcher] AndroidManifest.xml:26:18-48
46        <package android:name="nl.flitsmeister" />
46-->[:map_launcher] AndroidManifest.xml:27:9-51
46-->[:map_launcher] AndroidManifest.xml:27:18-48
47        <package android:name="nl.flitsmeister.flux" />
47-->[:map_launcher] AndroidManifest.xml:28:9-56
47-->[:map_launcher] AndroidManifest.xml:28:18-53
48        <package android:name="com.nhn.android.nmap" />
48-->[:map_launcher] AndroidManifest.xml:29:9-56
48-->[:map_launcher] AndroidManifest.xml:29:18-53
49        <package android:name="net.daum.android.map" />
49-->[:map_launcher] AndroidManifest.xml:30:9-56
49-->[:map_launcher] AndroidManifest.xml:30:18-53
50        <package android:name="com.skt.tmap.ku" />
50-->[:map_launcher] AndroidManifest.xml:31:9-51
50-->[:map_launcher] AndroidManifest.xml:31:18-48
51        <package android:name="cz.seznam.mapy" />
51-->[:map_launcher] AndroidManifest.xml:32:9-50
51-->[:map_launcher] AndroidManifest.xml:32:18-47
52        <package android:name="com.mmi.maps" />
52-->[:map_launcher] AndroidManifest.xml:33:9-48
52-->[:map_launcher] AndroidManifest.xml:33:18-45
53        <package android:name="androidx.test.orchestrator" />
53-->[androidx.test:runner:1.5.1] AndroidManifest.xml:25:9-62
53-->[androidx.test:runner:1.5.1] AndroidManifest.xml:25:18-59
54        <package android:name="androidx.test.services" />
54-->[androidx.test:runner:1.5.1] AndroidManifest.xml:26:9-58
54-->[androidx.test:runner:1.5.1] AndroidManifest.xml:26:18-55
55        <package android:name="com.google.android.apps.common.testing.services" />
55-->[androidx.test:runner:1.5.1] AndroidManifest.xml:27:9-83
55-->[androidx.test:runner:1.5.1] AndroidManifest.xml:27:18-80
56    </queries>
57
58    <uses-feature
58-->[com.google.android.gms:play-services-maps:18.2.0] AndroidManifest.xml:26:5-28:35
59        android:glEsVersion="0x00020000"
59-->[com.google.android.gms:play-services-maps:18.2.0] AndroidManifest.xml:27:9-41
60        android:required="true" />
60-->[com.google.android.gms:play-services-maps:18.2.0] AndroidManifest.xml:28:9-32
61
62    <uses-permission android:name="com.google.android.finsky.permission.BIND_GET_INSTALL_REFERRER_SERVICE" />
62-->[com.google.android.gms:play-services-measurement:22.1.2] AndroidManifest.xml:26:5-110
62-->[com.google.android.gms:play-services-measurement:22.1.2] AndroidManifest.xml:26:22-107
63    <uses-permission android:name="com.google.android.providers.gsf.permission.READ_GSERVICES" />
63-->[com.google.android.recaptcha:recaptcha:18.5.1] AndroidManifest.xml:9:5-98
63-->[com.google.android.recaptcha:recaptcha:18.5.1] AndroidManifest.xml:9:22-95
64    <uses-permission android:name="android.permission.REORDER_TASKS" />
64-->[androidx.test:core:1.5.0] AndroidManifest.xml:24:5-72
64-->[androidx.test:core:1.5.0] AndroidManifest.xml:24:22-69
65
66    <permission
66-->[androidx.core:core:1.13.1] AndroidManifest.xml:22:5-24:47
67        android:name="com.example.inker_studio.DYNAMIC_RECEIVER_NOT_EXPORTED_PERMISSION"
67-->[androidx.core:core:1.13.1] AndroidManifest.xml:23:9-81
68        android:protectionLevel="signature" />
68-->[androidx.core:core:1.13.1] AndroidManifest.xml:24:9-44
69
70    <uses-permission android:name="com.example.inker_studio.DYNAMIC_RECEIVER_NOT_EXPORTED_PERMISSION" />
70-->[androidx.core:core:1.13.1] AndroidManifest.xml:26:5-97
70-->[androidx.core:core:1.13.1] AndroidManifest.xml:26:22-94
71
72    <application
72-->src/main/AndroidManifest.xml:13:4-53:19
73        android:appComponentFactory="androidx.core.app.CoreComponentFactory"
73-->[androidx.core:core:1.13.1] AndroidManifest.xml:28:18-86
74        android:extractNativeLibs="false"
75        android:icon="@mipmap/ic_launcher"
75-->src/main/AndroidManifest.xml:15:9-43
76        android:label="inker_studio" >
76-->src/main/AndroidManifest.xml:14:9-37
77        <meta-data
77-->src/main/AndroidManifest.xml:16:9-17:70
78            android:name="com.google.android.geo.API_KEY"
78-->src/main/AndroidManifest.xml:16:20-65
79            android:value="AIzaSyAyuAW4Ed3qipZLw9b0VTCRJH60NiSu_PM" />
79-->src/main/AndroidManifest.xml:17:13-68
80
81        <activity
81-->src/main/AndroidManifest.xml:18:9-47:20
82            android:name="com.example.inker_studio.MainActivity"
82-->src/main/AndroidManifest.xml:19:13-41
83            android:configChanges="orientation|keyboardHidden|keyboard|screenSize|smallestScreenSize|locale|layoutDirection|fontScale|screenLayout|density|uiMode"
83-->src/main/AndroidManifest.xml:23:13-163
84            android:exported="true"
84-->src/main/AndroidManifest.xml:20:13-36
85            android:hardwareAccelerated="true"
85-->src/main/AndroidManifest.xml:24:13-47
86            android:launchMode="singleTop"
86-->src/main/AndroidManifest.xml:21:13-43
87            android:theme="@style/LaunchTheme"
87-->src/main/AndroidManifest.xml:22:13-47
88            android:windowSoftInputMode="adjustResize" >
88-->src/main/AndroidManifest.xml:25:13-55
89
90            <!--
91                 Specifies an Android theme to apply to this Activity as soon as
92                 the Android process has started. This theme is visible to the user
93                 while the Flutter UI initializes. After that, this theme continues
94                 to determine the Window background behind the Flutter UI.
95            -->
96            <meta-data
96-->src/main/AndroidManifest.xml:30:13-33:17
97                android:name="io.flutter.embedding.android.NormalTheme"
97-->src/main/AndroidManifest.xml:31:15-70
98                android:resource="@style/NormalTheme" />
98-->src/main/AndroidManifest.xml:32:15-52
99            <!--
100                 Displays an Android View that continues showing the launch screen
101                 Drawable until Flutter paints its first frame, then this splash
102                 screen fades out. A splash screen is useful to avoid any visual
103                 gap between the end of Android's launch screen and the painting of
104                 Flutter's first frame.
105            -->
106            <meta-data
106-->src/main/AndroidManifest.xml:39:13-42:17
107                android:name="io.flutter.embedding.android.SplashScreenDrawable"
107-->src/main/AndroidManifest.xml:40:15-79
108                android:resource="@drawable/launch_background" />
108-->src/main/AndroidManifest.xml:41:15-61
109
110            <intent-filter>
110-->src/main/AndroidManifest.xml:43:13-46:29
111                <action android:name="android.intent.action.MAIN" />
111-->src/main/AndroidManifest.xml:44:17-68
111-->src/main/AndroidManifest.xml:44:25-66
112
113                <category android:name="android.intent.category.LAUNCHER" />
113-->src/main/AndroidManifest.xml:45:17-76
113-->src/main/AndroidManifest.xml:45:27-74
114            </intent-filter>
115        </activity>
116        <!--
117             Don't delete the meta-data below.
118             This is used by the Flutter tool to generate GeneratedPluginRegistrant.java
119        -->
120        <meta-data
120-->src/main/AndroidManifest.xml:50:9-52:33
121            android:name="flutterEmbedding"
121-->src/main/AndroidManifest.xml:51:13-44
122            android:value="2" />
122-->src/main/AndroidManifest.xml:52:13-30
123
124        <service
124-->[:firebase_auth] AndroidManifest.xml:8:9-12:19
125            android:name="com.google.firebase.components.ComponentDiscoveryService"
125-->[:firebase_auth] AndroidManifest.xml:8:18-89
126            android:directBootAware="true"
126-->[com.google.firebase:firebase-common:21.0.0] AndroidManifest.xml:32:13-43
127            android:exported="false" >
127-->[com.google.firebase:firebase-auth:23.1.0] AndroidManifest.xml:68:13-37
128            <meta-data
128-->[:firebase_auth] AndroidManifest.xml:9:13-11:85
129                android:name="com.google.firebase.components:io.flutter.plugins.firebase.auth.FlutterFirebaseAuthRegistrar"
129-->[:firebase_auth] AndroidManifest.xml:10:17-124
130                android:value="com.google.firebase.components.ComponentRegistrar" />
130-->[:firebase_auth] AndroidManifest.xml:11:17-82
131            <meta-data
131-->[:firebase_analytics] AndroidManifest.xml:13:13-15:85
132                android:name="com.google.firebase.components:io.flutter.plugins.firebase.analytics.FlutterFirebaseAppRegistrar"
132-->[:firebase_analytics] AndroidManifest.xml:14:17-128
133                android:value="com.google.firebase.components.ComponentRegistrar" />
133-->[:firebase_analytics] AndroidManifest.xml:15:17-82
134            <meta-data
134-->[:firebase_messaging] AndroidManifest.xml:36:13-38:85
135                android:name="com.google.firebase.components:io.flutter.plugins.firebase.messaging.FlutterFirebaseAppRegistrar"
135-->[:firebase_messaging] AndroidManifest.xml:37:17-128
136                android:value="com.google.firebase.components.ComponentRegistrar" />
136-->[:firebase_messaging] AndroidManifest.xml:38:17-82
137            <meta-data
137-->[:firebase_remote_config] AndroidManifest.xml:9:13-11:85
138                android:name="com.google.firebase.components:io.flutter.plugins.firebase.firebaseremoteconfig.FlutterFirebaseAppRegistrar"
138-->[:firebase_remote_config] AndroidManifest.xml:10:17-139
139                android:value="com.google.firebase.components.ComponentRegistrar" />
139-->[:firebase_remote_config] AndroidManifest.xml:11:17-82
140            <meta-data
140-->[:firebase_core] AndroidManifest.xml:9:13-11:85
141                android:name="com.google.firebase.components:io.flutter.plugins.firebase.core.FlutterFirebaseCoreRegistrar"
141-->[:firebase_core] AndroidManifest.xml:10:17-124
142                android:value="com.google.firebase.components.ComponentRegistrar" />
142-->[:firebase_core] AndroidManifest.xml:11:17-82
143            <meta-data
143-->[com.google.firebase:firebase-auth:23.1.0] AndroidManifest.xml:69:13-71:85
144                android:name="com.google.firebase.components:com.google.firebase.auth.FirebaseAuthRegistrar"
144-->[com.google.firebase:firebase-auth:23.1.0] AndroidManifest.xml:70:17-109
145                android:value="com.google.firebase.components.ComponentRegistrar" />
145-->[com.google.firebase:firebase-auth:23.1.0] AndroidManifest.xml:71:17-82
146            <meta-data
146-->[com.google.firebase:firebase-messaging:24.0.3] AndroidManifest.xml:57:13-59:85
147                android:name="com.google.firebase.components:com.google.firebase.messaging.FirebaseMessagingKtxRegistrar"
147-->[com.google.firebase:firebase-messaging:24.0.3] AndroidManifest.xml:58:17-122
148                android:value="com.google.firebase.components.ComponentRegistrar" />
148-->[com.google.firebase:firebase-messaging:24.0.3] AndroidManifest.xml:59:17-82
149            <meta-data
149-->[com.google.firebase:firebase-messaging:24.0.3] AndroidManifest.xml:60:13-62:85
150                android:name="com.google.firebase.components:com.google.firebase.messaging.FirebaseMessagingRegistrar"
150-->[com.google.firebase:firebase-messaging:24.0.3] AndroidManifest.xml:61:17-119
151                android:value="com.google.firebase.components.ComponentRegistrar" />
151-->[com.google.firebase:firebase-messaging:24.0.3] AndroidManifest.xml:62:17-82
152            <meta-data
152-->[com.google.firebase:firebase-config:22.0.1] AndroidManifest.xml:29:13-31:85
153                android:name="com.google.firebase.components:com.google.firebase.remoteconfig.FirebaseRemoteConfigKtxRegistrar"
153-->[com.google.firebase:firebase-config:22.0.1] AndroidManifest.xml:30:17-128
154                android:value="com.google.firebase.components.ComponentRegistrar" />
154-->[com.google.firebase:firebase-config:22.0.1] AndroidManifest.xml:31:17-82
155            <meta-data
155-->[com.google.firebase:firebase-config:22.0.1] AndroidManifest.xml:32:13-34:85
156                android:name="com.google.firebase.components:com.google.firebase.remoteconfig.RemoteConfigRegistrar"
156-->[com.google.firebase:firebase-config:22.0.1] AndroidManifest.xml:33:17-117
157                android:value="com.google.firebase.components.ComponentRegistrar" />
157-->[com.google.firebase:firebase-config:22.0.1] AndroidManifest.xml:34:17-82
158            <meta-data
158-->[com.google.android.gms:play-services-measurement-api:22.1.2] AndroidManifest.xml:37:13-39:85
159                android:name="com.google.firebase.components:com.google.firebase.analytics.connector.internal.AnalyticsConnectorRegistrar"
159-->[com.google.android.gms:play-services-measurement-api:22.1.2] AndroidManifest.xml:38:17-139
160                android:value="com.google.firebase.components.ComponentRegistrar" />
160-->[com.google.android.gms:play-services-measurement-api:22.1.2] AndroidManifest.xml:39:17-82
161            <meta-data
161-->[com.google.firebase:firebase-installations:18.0.0] AndroidManifest.xml:15:13-17:85
162                android:name="com.google.firebase.components:com.google.firebase.installations.FirebaseInstallationsKtxRegistrar"
162-->[com.google.firebase:firebase-installations:18.0.0] AndroidManifest.xml:16:17-130
163                android:value="com.google.firebase.components.ComponentRegistrar" />
163-->[com.google.firebase:firebase-installations:18.0.0] AndroidManifest.xml:17:17-82
164            <meta-data
164-->[com.google.firebase:firebase-installations:18.0.0] AndroidManifest.xml:18:13-20:85
165                android:name="com.google.firebase.components:com.google.firebase.installations.FirebaseInstallationsRegistrar"
165-->[com.google.firebase:firebase-installations:18.0.0] AndroidManifest.xml:19:17-127
166                android:value="com.google.firebase.components.ComponentRegistrar" />
166-->[com.google.firebase:firebase-installations:18.0.0] AndroidManifest.xml:20:17-82
167            <meta-data
167-->[com.google.firebase:firebase-common-ktx:21.0.0] AndroidManifest.xml:12:13-14:85
168                android:name="com.google.firebase.components:com.google.firebase.ktx.FirebaseCommonLegacyRegistrar"
168-->[com.google.firebase:firebase-common-ktx:21.0.0] AndroidManifest.xml:13:17-116
169                android:value="com.google.firebase.components.ComponentRegistrar" />
169-->[com.google.firebase:firebase-common-ktx:21.0.0] AndroidManifest.xml:14:17-82
170            <meta-data
170-->[com.google.firebase:firebase-common:21.0.0] AndroidManifest.xml:35:13-37:85
171                android:name="com.google.firebase.components:com.google.firebase.FirebaseCommonKtxRegistrar"
171-->[com.google.firebase:firebase-common:21.0.0] AndroidManifest.xml:36:17-109
172                android:value="com.google.firebase.components.ComponentRegistrar" />
172-->[com.google.firebase:firebase-common:21.0.0] AndroidManifest.xml:37:17-82
173            <meta-data
173-->[com.google.firebase:firebase-abt:21.1.1] AndroidManifest.xml:12:13-14:85
174                android:name="com.google.firebase.components:com.google.firebase.abt.component.AbtRegistrar"
174-->[com.google.firebase:firebase-abt:21.1.1] AndroidManifest.xml:13:17-109
175                android:value="com.google.firebase.components.ComponentRegistrar" />
175-->[com.google.firebase:firebase-abt:21.1.1] AndroidManifest.xml:14:17-82
176            <meta-data
176-->[com.google.firebase:firebase-datatransport:18.2.0] AndroidManifest.xml:25:13-27:85
177                android:name="com.google.firebase.components:com.google.firebase.datatransport.TransportRegistrar"
177-->[com.google.firebase:firebase-datatransport:18.2.0] AndroidManifest.xml:26:17-115
178                android:value="com.google.firebase.components.ComponentRegistrar" />
178-->[com.google.firebase:firebase-datatransport:18.2.0] AndroidManifest.xml:27:17-82
179        </service>
180        <service
180-->[:firebase_messaging] AndroidManifest.xml:14:9-17:72
181            android:name="io.flutter.plugins.firebase.messaging.FlutterFirebaseMessagingBackgroundService"
181-->[:firebase_messaging] AndroidManifest.xml:15:13-107
182            android:exported="false"
182-->[:firebase_messaging] AndroidManifest.xml:16:13-37
183            android:permission="android.permission.BIND_JOB_SERVICE" />
183-->[:firebase_messaging] AndroidManifest.xml:17:13-69
184        <service
184-->[:firebase_messaging] AndroidManifest.xml:18:9-24:19
185            android:name="io.flutter.plugins.firebase.messaging.FlutterFirebaseMessagingService"
185-->[:firebase_messaging] AndroidManifest.xml:19:13-97
186            android:exported="false" >
186-->[:firebase_messaging] AndroidManifest.xml:20:13-37
187            <intent-filter>
187-->[:firebase_messaging] AndroidManifest.xml:21:13-23:29
188                <action android:name="com.google.firebase.MESSAGING_EVENT" />
188-->[:firebase_messaging] AndroidManifest.xml:22:17-78
188-->[:firebase_messaging] AndroidManifest.xml:22:25-75
189            </intent-filter>
190        </service>
191
192        <receiver
192-->[:firebase_messaging] AndroidManifest.xml:26:9-33:20
193            android:name="io.flutter.plugins.firebase.messaging.FlutterFirebaseMessagingReceiver"
193-->[:firebase_messaging] AndroidManifest.xml:27:13-98
194            android:exported="true"
194-->[:firebase_messaging] AndroidManifest.xml:28:13-36
195            android:permission="com.google.android.c2dm.permission.SEND" >
195-->[:firebase_messaging] AndroidManifest.xml:29:13-73
196            <intent-filter>
196-->[:firebase_messaging] AndroidManifest.xml:30:13-32:29
197                <action android:name="com.google.android.c2dm.intent.RECEIVE" />
197-->[:firebase_messaging] AndroidManifest.xml:31:17-81
197-->[:firebase_messaging] AndroidManifest.xml:31:25-78
198            </intent-filter>
199        </receiver>
200
201        <provider
201-->[:firebase_messaging] AndroidManifest.xml:41:9-45:38
202            android:name="io.flutter.plugins.firebase.messaging.FlutterFirebaseMessagingInitProvider"
202-->[:firebase_messaging] AndroidManifest.xml:42:13-102
203            android:authorities="com.example.inker_studio.flutterfirebasemessaginginitprovider"
203-->[:firebase_messaging] AndroidManifest.xml:43:13-88
204            android:exported="false"
204-->[:firebase_messaging] AndroidManifest.xml:44:13-37
205            android:initOrder="99" />
205-->[:firebase_messaging] AndroidManifest.xml:45:13-35
206
207        <activity
207-->[com.google.firebase:firebase-auth:23.1.0] AndroidManifest.xml:29:9-46:20
208            android:name="com.google.firebase.auth.internal.GenericIdpActivity"
208-->[com.google.firebase:firebase-auth:23.1.0] AndroidManifest.xml:30:13-80
209            android:excludeFromRecents="true"
209-->[com.google.firebase:firebase-auth:23.1.0] AndroidManifest.xml:31:13-46
210            android:exported="true"
210-->[com.google.firebase:firebase-auth:23.1.0] AndroidManifest.xml:32:13-36
211            android:launchMode="singleTask"
211-->[com.google.firebase:firebase-auth:23.1.0] AndroidManifest.xml:33:13-44
212            android:theme="@android:style/Theme.Translucent.NoTitleBar" >
212-->[com.google.firebase:firebase-auth:23.1.0] AndroidManifest.xml:34:13-72
213            <intent-filter>
213-->[com.google.firebase:firebase-auth:23.1.0] AndroidManifest.xml:35:13-45:29
214                <action android:name="android.intent.action.VIEW" />
214-->[com.google.firebase:firebase-auth:23.1.0] AndroidManifest.xml:36:17-69
214-->[com.google.firebase:firebase-auth:23.1.0] AndroidManifest.xml:36:25-66
215
216                <category android:name="android.intent.category.DEFAULT" />
216-->[com.google.firebase:firebase-auth:23.1.0] AndroidManifest.xml:38:17-76
216-->[com.google.firebase:firebase-auth:23.1.0] AndroidManifest.xml:38:27-73
217                <category android:name="android.intent.category.BROWSABLE" />
217-->[com.google.firebase:firebase-auth:23.1.0] AndroidManifest.xml:39:17-78
217-->[com.google.firebase:firebase-auth:23.1.0] AndroidManifest.xml:39:27-75
218
219                <data
219-->[com.google.firebase:firebase-auth:23.1.0] AndroidManifest.xml:41:17-44:51
220                    android:host="firebase.auth"
220-->[com.google.firebase:firebase-auth:23.1.0] AndroidManifest.xml:42:21-49
221                    android:path="/"
221-->[com.google.firebase:firebase-auth:23.1.0] AndroidManifest.xml:43:21-37
222                    android:scheme="genericidp" />
222-->[com.google.firebase:firebase-auth:23.1.0] AndroidManifest.xml:44:21-48
223            </intent-filter>
224        </activity>
225        <activity
225-->[com.google.firebase:firebase-auth:23.1.0] AndroidManifest.xml:47:9-64:20
226            android:name="com.google.firebase.auth.internal.RecaptchaActivity"
226-->[com.google.firebase:firebase-auth:23.1.0] AndroidManifest.xml:48:13-79
227            android:excludeFromRecents="true"
227-->[com.google.firebase:firebase-auth:23.1.0] AndroidManifest.xml:49:13-46
228            android:exported="true"
228-->[com.google.firebase:firebase-auth:23.1.0] AndroidManifest.xml:50:13-36
229            android:launchMode="singleTask"
229-->[com.google.firebase:firebase-auth:23.1.0] AndroidManifest.xml:51:13-44
230            android:theme="@android:style/Theme.Translucent.NoTitleBar" >
230-->[com.google.firebase:firebase-auth:23.1.0] AndroidManifest.xml:52:13-72
231            <intent-filter>
231-->[com.google.firebase:firebase-auth:23.1.0] AndroidManifest.xml:53:13-63:29
232                <action android:name="android.intent.action.VIEW" />
232-->[com.google.firebase:firebase-auth:23.1.0] AndroidManifest.xml:36:17-69
232-->[com.google.firebase:firebase-auth:23.1.0] AndroidManifest.xml:36:25-66
233
234                <category android:name="android.intent.category.DEFAULT" />
234-->[com.google.firebase:firebase-auth:23.1.0] AndroidManifest.xml:38:17-76
234-->[com.google.firebase:firebase-auth:23.1.0] AndroidManifest.xml:38:27-73
235                <category android:name="android.intent.category.BROWSABLE" />
235-->[com.google.firebase:firebase-auth:23.1.0] AndroidManifest.xml:39:17-78
235-->[com.google.firebase:firebase-auth:23.1.0] AndroidManifest.xml:39:27-75
236
237                <data
237-->[com.google.firebase:firebase-auth:23.1.0] AndroidManifest.xml:41:17-44:51
238                    android:host="firebase.auth"
238-->[com.google.firebase:firebase-auth:23.1.0] AndroidManifest.xml:42:21-49
239                    android:path="/"
239-->[com.google.firebase:firebase-auth:23.1.0] AndroidManifest.xml:43:21-37
240                    android:scheme="recaptcha" />
240-->[com.google.firebase:firebase-auth:23.1.0] AndroidManifest.xml:44:21-48
241            </intent-filter>
242        </activity>
243
244        <receiver
244-->[com.google.firebase:firebase-messaging:24.0.3] AndroidManifest.xml:29:9-40:20
245            android:name="com.google.firebase.iid.FirebaseInstanceIdReceiver"
245-->[com.google.firebase:firebase-messaging:24.0.3] AndroidManifest.xml:30:13-78
246            android:exported="true"
246-->[com.google.firebase:firebase-messaging:24.0.3] AndroidManifest.xml:31:13-36
247            android:permission="com.google.android.c2dm.permission.SEND" >
247-->[com.google.firebase:firebase-messaging:24.0.3] AndroidManifest.xml:32:13-73
248            <intent-filter>
248-->[:firebase_messaging] AndroidManifest.xml:30:13-32:29
249                <action android:name="com.google.android.c2dm.intent.RECEIVE" />
249-->[:firebase_messaging] AndroidManifest.xml:31:17-81
249-->[:firebase_messaging] AndroidManifest.xml:31:25-78
250            </intent-filter>
251
252            <meta-data
252-->[com.google.firebase:firebase-messaging:24.0.3] AndroidManifest.xml:37:13-39:40
253                android:name="com.google.android.gms.cloudmessaging.FINISHED_AFTER_HANDLED"
253-->[com.google.firebase:firebase-messaging:24.0.3] AndroidManifest.xml:38:17-92
254                android:value="true" />
254-->[com.google.firebase:firebase-messaging:24.0.3] AndroidManifest.xml:39:17-37
255        </receiver>
256        <!--
257             FirebaseMessagingService performs security checks at runtime,
258             but set to not exported to explicitly avoid allowing another app to call it.
259        -->
260        <service
260-->[com.google.firebase:firebase-messaging:24.0.3] AndroidManifest.xml:46:9-53:19
261            android:name="com.google.firebase.messaging.FirebaseMessagingService"
261-->[com.google.firebase:firebase-messaging:24.0.3] AndroidManifest.xml:47:13-82
262            android:directBootAware="true"